<?xml version="1.0" encoding="UTF-8"?>
<testng-results ignored="0" total="1" passed="1" failed="0" skipped="0">
  <reporter-output>
  </reporter-output>
  <suite started-at="2026-03-21T06:01:02 IST" name="LoginSuite" finished-at="2026-03-21T06:01:06 IST" duration-ms="4600">
    <groups>
    </groups>
    <test started-at="2026-03-21T06:01:02 IST" name="LoginTest" finished-at="2026-03-21T06:01:06 IST" duration-ms="4600">
      <class name="tests.LoginTest">
        <test-method is-config="true" signature="setup()[pri:0, instance:tests.LoginTest@3349e9bb]" started-at="2026-03-21T06:01:02 IST" name="setup" finished-at="2026-03-21T06:01:05 IST" duration-ms="3610" status="PASS">
          <reporter-output>
          </reporter-output>
        </test-method> <!-- setup -->
        <test-method signature="testValidLogin()[pri:0, instance:tests.LoginTest@3349e9bb]" started-at="2026-03-21T06:01:05 IST" name="testValidLogin" finished-at="2026-03-21T06:01:06 IST" duration-ms="922" status="PASS">
          <reporter-output>
          </reporter-output>
        </test-method> <!-- testValidLogin -->
        <test-method is-config="true" signature="teardown()[pri:0, instance:tests.LoginTest@3349e9bb]" started-at="2026-03-21T06:01:06 IST" name="teardown" finished-at="2026-03-21T06:01:06 IST" duration-ms="2" status="PASS">
          <reporter-output>
          </reporter-output>
        </test-method> <!-- teardown -->
      </class> <!-- tests.LoginTest -->
    </test> <!-- LoginTest -->
  </suite> <!-- LoginSuite -->
</testng-results>
